<?xml version="1.0" encoding="UTF-8"?>
<testsuite name="com.amazon.ata.unittesting.AtaAdditionTest" tests="5" skipped="0" failures="0" errors="0" timestamp="2023-01-07T23:02:56" hostname="IANPC" time="0.042">
  <properties/>
  <testcase name="add_sumOutOfBounds_throwsArithmeticException()" classname="com.amazon.ata.unittesting.AtaAdditionTest" time="0.036"/>
  <testcase name="add_singleInteger_returnsTheInteger()" classname="com.amazon.ata.unittesting.AtaAdditionTest" time="0.002"/>
  <testcase name="add_emptyArray_returnsZero()" classname="com.amazon.ata.unittesting.AtaAdditionTest" time="0.0"/>
  <testcase name="add_nullArray_returnsZero()" classname="com.amazon.ata.unittesting.AtaAdditionTest" time="0.0"/>
  <testcase name="add_twoIntegers_returnsTheirSum()" classname="com.amazon.ata.unittesting.AtaAdditionTest" time="0.0"/>
  <system-out><![CDATA[]]></system-out>
  <system-err><![CDATA[]]></system-err>
</testsuite>
